<?xml version="1.0" encoding="UTF-8"?>
<testng-results skipped="0" failed="8" total="24" passed="16">
  <reporter-output>
  </reporter-output>
  <suite name="Selenium_testNG" duration-ms="861" started-at="2019-06-06T16:41:38Z" finished-at="2019-06-06T16:41:39Z">
    <groups>
      <group name="unit">
        <method signature="TG_testcase.hello3()[pri:0, instance:com.syntel.calculatorTest.TG_testcase@50675690]" name="hello3" class="com.syntel.calculatorTest.TG_testcase"/>
      </group> <!-- unit -->
      <group name="include-two">
        <method signature="TG_testcase1.hello2()[pri:0, instance:com.syntel.calculatorTest.TG_testcase1@5c0369c4]" name="hello2" class="com.syntel.calculatorTest.TG_testcase1"/>
      </group> <!-- include-two -->
      <group name="include-threee">
        <method signature="TG_testcase1.hello3()[pri:0, instance:com.syntel.calculatorTest.TG_testcase1@5c0369c4]" name="hello3" class="com.syntel.calculatorTest.TG_testcase1"/>
      </group> <!-- include-threee -->
      <group name="include-one">
        <method signature="TG_testcase1.hello()[pri:0, instance:com.syntel.calculatorTest.TG_testcase1@5c0369c4]" name="hello" class="com.syntel.calculatorTest.TG_testcase1"/>
      </group> <!-- include-one -->
      <group name="regression">
        <method signature="TG_testcase.hello2()[pri:0, instance:com.syntel.calculatorTest.TG_testcase@50675690]" name="hello2" class="com.syntel.calculatorTest.TG_testcase"/>
        <method signature="TG_testcase.hello3()[pri:0, instance:com.syntel.calculatorTest.TG_testcase@50675690]" name="hello3" class="com.syntel.calculatorTest.TG_testcase"/>
      </group> <!-- regression -->
      <group name="default-group">
        <method signature="TG_testcase.hello()[pri:0, instance:com.syntel.calculatorTest.TG_testcase@50675690]" name="hello" class="com.syntel.calculatorTest.TG_testcase"/>
      </group> <!-- default-group -->
      <group name="testNG">
        <method signature="TG_testcase.hello2()[pri:0, instance:com.syntel.calculatorTest.TG_testcase@50675690]" name="hello2" class="com.syntel.calculatorTest.TG_testcase"/>
      </group> <!-- testNG -->
    </groups>
    <test name="calc" duration-ms="47" started-at="2019-06-06T16:41:38Z" finished-at="2019-06-06T16:41:38Z">
      <class name="com.syntel.calculatorTest.NewCalculator_test">
        <test-method status="PASS" signature="setUpClass()[pri:0, instance:com.syntel.calculatorTest.NewCalculator_test@6c629d6e]" name="setUpClass" is-config="true" duration-ms="15" started-at="2019-06-06T09:41:38Z" finished-at="2019-06-06T09:41:38Z">
          <reporter-output>
          </reporter-output>
        </test-method> <!-- setUpClass -->
        <test-method status="PASS" signature="testAdd(int, int, int)[pri:0, instance:com.syntel.calculatorTest.NewCalculator_test@6c629d6e]" name="testAdd" duration-ms="0" started-at="2019-06-06T09:41:38Z" finished-at="2019-06-06T09:41:38Z">
          <params>
            <param index="0">
              <value>
                <![CDATA[30]]>
              </value>
            </param>
            <param index="1">
              <value>
                <![CDATA[5]]>
              </value>
            </param>
            <param index="2">
              <value>
                <![CDATA[35]]>
              </value>
            </param>
          </params>
          <reporter-output>
          </reporter-output>
        </test-method> <!-- testAdd -->
        <test-method status="PASS" signature="tearDownMethod()[pri:0, instance:com.syntel.calculatorTest.NewCalculator_test@6c629d6e]" name="tearDownMethod" is-config="true" duration-ms="0" started-at="2019-06-06T09:41:38Z" finished-at="2019-06-06T09:41:38Z">
          <reporter-output>
          </reporter-output>
        </test-method> <!-- tearDownMethod -->
        <test-method status="PASS" signature="tearDownMethod()[pri:0, instance:com.syntel.calculatorTest.NewCalculator_test@6c629d6e]" name="tearDownMethod" is-config="true" duration-ms="0" started-at="2019-06-06T09:41:38Z" finished-at="2019-06-06T09:41:38Z">
          <reporter-output>
          </reporter-output>
        </test-method> <!-- tearDownMethod -->
        <test-method status="PASS" signature="tearDownMethod()[pri:0, instance:com.syntel.calculatorTest.NewCalculator_test@6c629d6e]" name="tearDownMethod" is-config="true" duration-ms="0" started-at="2019-06-06T09:41:38Z" finished-at="2019-06-06T09:41:38Z">
          <reporter-output>
          </reporter-output>
        </test-method> <!-- tearDownMethod -->
        <test-method status="PASS" signature="tearDownMethod()[pri:0, instance:com.syntel.calculatorTest.NewCalculator_test@6c629d6e]" name="tearDownMethod" is-config="true" duration-ms="0" started-at="2019-06-06T09:41:38Z" finished-at="2019-06-06T09:41:38Z">
          <reporter-output>
          </reporter-output>
        </test-method> <!-- tearDownMethod -->
        <test-method status="PASS" signature="testSub(int, int, int)[pri:0, instance:com.syntel.calculatorTest.NewCalculator_test@6c629d6e]" name="testSub" duration-ms="0" started-at="2019-06-06T09:41:38Z" finished-at="2019-06-06T09:41:38Z">
          <params>
            <param index="0">
              <value>
                <![CDATA[30]]>
              </value>
            </param>
            <param index="1">
              <value>
                <![CDATA[5]]>
              </value>
            </param>
            <param index="2">
              <value>
                <![CDATA[25]]>
              </value>
            </param>
          </params>
          <reporter-output>
          </reporter-output>
        </test-method> <!-- testSub -->
        <test-method status="PASS" signature="setUpMethod()[pri:0, instance:com.syntel.calculatorTest.NewCalculator_test@6c629d6e]" name="setUpMethod" is-config="true" duration-ms="0" started-at="2019-06-06T09:41:38Z" finished-at="2019-06-06T09:41:38Z">
          <reporter-output>
          </reporter-output>
        </test-method> <!-- setUpMethod -->
        <test-method status="PASS" signature="setUpMethod()[pri:0, instance:com.syntel.calculatorTest.NewCalculator_test@6c629d6e]" name="setUpMethod" is-config="true" duration-ms="0" started-at="2019-06-06T09:41:38Z" finished-at="2019-06-06T09:41:38Z">
          <reporter-output>
          </reporter-output>
        </test-method> <!-- setUpMethod -->
        <test-method status="PASS" signature="setUpMethod()[pri:0, instance:com.syntel.calculatorTest.NewCalculator_test@6c629d6e]" name="setUpMethod" is-config="true" duration-ms="0" started-at="2019-06-06T09:41:38Z" finished-at="2019-06-06T09:41:38Z">
          <reporter-output>
          </reporter-output>
        </test-method> <!-- setUpMethod -->
        <test-method status="PASS" signature="testDivid(int, int, int)[pri:0, instance:com.syntel.calculatorTest.NewCalculator_test@6c629d6e]" name="testDivid" duration-ms="0" started-at="2019-06-06T09:41:38Z" finished-at="2019-06-06T09:41:38Z">
          <params>
            <param index="0">
              <value>
                <![CDATA[30]]>
              </value>
            </param>
            <param index="1">
              <value>
                <![CDATA[5]]>
              </value>
            </param>
            <param index="2">
              <value>
                <![CDATA[6]]>
              </value>
            </param>
          </params>
          <reporter-output>
          </reporter-output>
        </test-method> <!-- testDivid -->
        <test-method status="PASS" signature="setUpMethod()[pri:0, instance:com.syntel.calculatorTest.NewCalculator_test@6c629d6e]" name="setUpMethod" is-config="true" duration-ms="0" started-at="2019-06-06T09:41:38Z" finished-at="2019-06-06T09:41:38Z">
          <reporter-output>
          </reporter-output>
        </test-method> <!-- setUpMethod -->
        <test-method status="PASS" signature="testMulti(int, int, int)[pri:0, instance:com.syntel.calculatorTest.NewCalculator_test@6c629d6e]" name="testMulti" duration-ms="0" started-at="2019-06-06T09:41:38Z" finished-at="2019-06-06T09:41:38Z">
          <params>
            <param index="0">
              <value>
                <![CDATA[30]]>
              </value>
            </param>
            <param index="1">
              <value>
                <![CDATA[5]]>
              </value>
            </param>
            <param index="2">
              <value>
                <![CDATA[150]]>
              </value>
            </param>
          </params>
          <reporter-output>
          </reporter-output>
        </test-method> <!-- testMulti -->
        <test-method status="PASS" signature="tearDownClass()[pri:0, instance:com.syntel.calculatorTest.NewCalculator_test@6c629d6e]" name="tearDownClass" is-config="true" duration-ms="0" started-at="2019-06-06T09:41:38Z" finished-at="2019-06-06T09:41:38Z">
          <reporter-output>
          </reporter-output>
        </test-method> <!-- tearDownClass -->
      </class> <!-- com.syntel.calculatorTest.NewCalculator_test -->
    </test> <!-- calc -->
    <test name="All tests for Selenium_testNG" duration-ms="752" started-at="2019-06-06T16:41:38Z" finished-at="2019-06-06T16:41:39Z">
      <class name="com.syntel.calculatorTest.NewCalculator_test">
        <test-method status="PASS" signature="setUpClass()[pri:0, instance:com.syntel.calculatorTest.NewCalculator_test@31b7dea0]" name="setUpClass" is-config="true" duration-ms="0" started-at="2019-06-06T09:41:39Z" finished-at="2019-06-06T09:41:39Z">
          <reporter-output>
          </reporter-output>
        </test-method> <!-- setUpClass -->
        <test-method status="FAIL" signature="testDivid(int, int, int)[pri:0, instance:com.syntel.calculatorTest.NewCalculator_test@31b7dea0]" name="testDivid" duration-ms="0" started-at="2019-06-06T09:41:39Z" finished-at="2019-06-06T09:41:39Z">
          <exception class="org.testng.TestNGException">
            <message>
              <![CDATA[
Parameter 'num1' is required by @Test on method testDivid but has not been marked @Optional or defined
in C:\mytraining_stuff\HtmlStudy\Selenium_testNG\build\test\classes\Calculator_suit.xml]]>
            </message>
            <full-stacktrace>
              <![CDATA[org.testng.TestNGException: 
Parameter 'num1' is required by @Test on method testDivid but has not been marked @Optional or defined
in C:\mytraining_stuff\HtmlStudy\Selenium_testNG\build\test\classes\Calculator_suit.xml
	at org.testng.internal.Parameters.createParameters(Parameters.java:155)
	at org.testng.internal.Parameters.createParameters(Parameters.java:358)
	at org.testng.internal.Parameters.handleParameters(Parameters.java:450)
	at org.testng.internal.Invoker.handleParameters(Invoker.java:1383)
	at org.testng.internal.Invoker.createParameters(Invoker.java:1075)
	at org.testng.internal.Invoker.invokeTestMethods(Invoker.java:1180)
	at org.testng.internal.TestMethodWorker.invokeTestMethods(TestMethodWorker.java:127)
	at org.testng.internal.TestMethodWorker.run(TestMethodWorker.java:111)
	at org.testng.TestRunner.privateRun(TestRunner.java:767)
	at org.testng.TestRunner.run(TestRunner.java:617)
	at org.testng.SuiteRunner.runTest(SuiteRunner.java:334)
	at org.testng.SuiteRunner.runSequentially(SuiteRunner.java:329)
	at org.testng.SuiteRunner.privateRun(SuiteRunner.java:291)
	at org.testng.SuiteRunner.run(SuiteRunner.java:240)
	at org.testng.SuiteRunnerWorker.runSuite(SuiteRunnerWorker.java:52)
	at org.testng.SuiteRunnerWorker.run(SuiteRunnerWorker.java:86)
	at org.testng.TestNG.runSuitesSequentially(TestNG.java:1224)
	at org.testng.TestNG.runSuitesLocally(TestNG.java:1149)
	at org.testng.TestNG.run(TestNG.java:1057)
	at org.testng.TestNG.privateMain(TestNG.java:1364)
	at org.testng.TestNG.main(TestNG.java:1333)
]]>
            </full-stacktrace>
          </exception> <!-- org.testng.TestNGException -->
          <reporter-output>
          </reporter-output>
        </test-method> <!-- testDivid -->
        <test-method status="FAIL" signature="testAdd(int, int, int)[pri:0, instance:com.syntel.calculatorTest.NewCalculator_test@31b7dea0]" name="testAdd" duration-ms="0" started-at="2019-06-06T09:41:39Z" finished-at="2019-06-06T09:41:39Z">
          <exception class="org.testng.TestNGException">
            <message>
              <![CDATA[
Parameter 'num1' is required by @Test on method testAdd but has not been marked @Optional or defined
in C:\mytraining_stuff\HtmlStudy\Selenium_testNG\build\test\classes\Calculator_suit.xml]]>
            </message>
            <full-stacktrace>
              <![CDATA[org.testng.TestNGException: 
Parameter 'num1' is required by @Test on method testAdd but has not been marked @Optional or defined
in C:\mytraining_stuff\HtmlStudy\Selenium_testNG\build\test\classes\Calculator_suit.xml
	at org.testng.internal.Parameters.createParameters(Parameters.java:155)
	at org.testng.internal.Parameters.createParameters(Parameters.java:358)
	at org.testng.internal.Parameters.handleParameters(Parameters.java:450)
	at org.testng.internal.Invoker.handleParameters(Invoker.java:1383)
	at org.testng.internal.Invoker.createParameters(Invoker.java:1075)
	at org.testng.internal.Invoker.invokeTestMethods(Invoker.java:1180)
	at org.testng.internal.TestMethodWorker.invokeTestMethods(TestMethodWorker.java:127)
	at org.testng.internal.TestMethodWorker.run(TestMethodWorker.java:111)
	at org.testng.TestRunner.privateRun(TestRunner.java:767)
	at org.testng.TestRunner.run(TestRunner.java:617)
	at org.testng.SuiteRunner.runTest(SuiteRunner.java:334)
	at org.testng.SuiteRunner.runSequentially(SuiteRunner.java:329)
	at org.testng.SuiteRunner.privateRun(SuiteRunner.java:291)
	at org.testng.SuiteRunner.run(SuiteRunner.java:240)
	at org.testng.SuiteRunnerWorker.runSuite(SuiteRunnerWorker.java:52)
	at org.testng.SuiteRunnerWorker.run(SuiteRunnerWorker.java:86)
	at org.testng.TestNG.runSuitesSequentially(TestNG.java:1224)
	at org.testng.TestNG.runSuitesLocally(TestNG.java:1149)
	at org.testng.TestNG.run(TestNG.java:1057)
	at org.testng.TestNG.privateMain(TestNG.java:1364)
	at org.testng.TestNG.main(TestNG.java:1333)
]]>
            </full-stacktrace>
          </exception> <!-- org.testng.TestNGException -->
          <reporter-output>
          </reporter-output>
        </test-method> <!-- testAdd -->
        <test-method status="FAIL" signature="testMulti(int, int, int)[pri:0, instance:com.syntel.calculatorTest.NewCalculator_test@31b7dea0]" name="testMulti" duration-ms="0" started-at="2019-06-06T09:41:39Z" finished-at="2019-06-06T09:41:39Z">
          <exception class="org.testng.TestNGException">
            <message>
              <![CDATA[
Parameter 'num1' is required by @Test on method testMulti but has not been marked @Optional or defined
in C:\mytraining_stuff\HtmlStudy\Selenium_testNG\build\test\classes\Calculator_suit.xml]]>
            </message>
            <full-stacktrace>
              <![CDATA[org.testng.TestNGException: 
Parameter 'num1' is required by @Test on method testMulti but has not been marked @Optional or defined
in C:\mytraining_stuff\HtmlStudy\Selenium_testNG\build\test\classes\Calculator_suit.xml
	at org.testng.internal.Parameters.createParameters(Parameters.java:155)
	at org.testng.internal.Parameters.createParameters(Parameters.java:358)
	at org.testng.internal.Parameters.handleParameters(Parameters.java:450)
	at org.testng.internal.Invoker.handleParameters(Invoker.java:1383)
	at org.testng.internal.Invoker.createParameters(Invoker.java:1075)
	at org.testng.internal.Invoker.invokeTestMethods(Invoker.java:1180)
	at org.testng.internal.TestMethodWorker.invokeTestMethods(TestMethodWorker.java:127)
	at org.testng.internal.TestMethodWorker.run(TestMethodWorker.java:111)
	at org.testng.TestRunner.privateRun(TestRunner.java:767)
	at org.testng.TestRunner.run(TestRunner.java:617)
	at org.testng.SuiteRunner.runTest(SuiteRunner.java:334)
	at org.testng.SuiteRunner.runSequentially(SuiteRunner.java:329)
	at org.testng.SuiteRunner.privateRun(SuiteRunner.java:291)
	at org.testng.SuiteRunner.run(SuiteRunner.java:240)
	at org.testng.SuiteRunnerWorker.runSuite(SuiteRunnerWorker.java:52)
	at org.testng.SuiteRunnerWorker.run(SuiteRunnerWorker.java:86)
	at org.testng.TestNG.runSuitesSequentially(TestNG.java:1224)
	at org.testng.TestNG.runSuitesLocally(TestNG.java:1149)
	at org.testng.TestNG.run(TestNG.java:1057)
	at org.testng.TestNG.privateMain(TestNG.java:1364)
	at org.testng.TestNG.main(TestNG.java:1333)
]]>
            </full-stacktrace>
          </exception> <!-- org.testng.TestNGException -->
          <reporter-output>
          </reporter-output>
        </test-method> <!-- testMulti -->
        <test-method status="PASS" signature="tearDownClass()[pri:0, instance:com.syntel.calculatorTest.NewCalculator_test@31b7dea0]" name="tearDownClass" is-config="true" duration-ms="0" started-at="2019-06-06T09:41:39Z" finished-at="2019-06-06T09:41:39Z">
          <reporter-output>
          </reporter-output>
        </test-method> <!-- tearDownClass -->
        <test-method status="FAIL" signature="testSub(int, int, int)[pri:0, instance:com.syntel.calculatorTest.NewCalculator_test@31b7dea0]" name="testSub" duration-ms="0" started-at="2019-06-06T09:41:39Z" finished-at="2019-06-06T09:41:39Z">
          <exception class="org.testng.TestNGException">
            <message>
              <![CDATA[
Parameter 'num1' is required by @Test on method testSub but has not been marked @Optional or defined
in C:\mytraining_stuff\HtmlStudy\Selenium_testNG\build\test\classes\Calculator_suit.xml]]>
            </message>
            <full-stacktrace>
              <![CDATA[org.testng.TestNGException: 
Parameter 'num1' is required by @Test on method testSub but has not been marked @Optional or defined
in C:\mytraining_stuff\HtmlStudy\Selenium_testNG\build\test\classes\Calculator_suit.xml
	at org.testng.internal.Parameters.createParameters(Parameters.java:155)
	at org.testng.internal.Parameters.createParameters(Parameters.java:358)
	at org.testng.internal.Parameters.handleParameters(Parameters.java:450)
	at org.testng.internal.Invoker.handleParameters(Invoker.java:1383)
	at org.testng.internal.Invoker.createParameters(Invoker.java:1075)
	at org.testng.internal.Invoker.invokeTestMethods(Invoker.java:1180)
	at org.testng.internal.TestMethodWorker.invokeTestMethods(TestMethodWorker.java:127)
	at org.testng.internal.TestMethodWorker.run(TestMethodWorker.java:111)
	at org.testng.TestRunner.privateRun(TestRunner.java:767)
	at org.testng.TestRunner.run(TestRunner.java:617)
	at org.testng.SuiteRunner.runTest(SuiteRunner.java:334)
	at org.testng.SuiteRunner.runSequentially(SuiteRunner.java:329)
	at org.testng.SuiteRunner.privateRun(SuiteRunner.java:291)
	at org.testng.SuiteRunner.run(SuiteRunner.java:240)
	at org.testng.SuiteRunnerWorker.runSuite(SuiteRunnerWorker.java:52)
	at org.testng.SuiteRunnerWorker.run(SuiteRunnerWorker.java:86)
	at org.testng.TestNG.runSuitesSequentially(TestNG.java:1224)
	at org.testng.TestNG.runSuitesLocally(TestNG.java:1149)
	at org.testng.TestNG.run(TestNG.java:1057)
	at org.testng.TestNG.privateMain(TestNG.java:1364)
	at org.testng.TestNG.main(TestNG.java:1333)
]]>
            </full-stacktrace>
          </exception> <!-- org.testng.TestNGException -->
          <reporter-output>
          </reporter-output>
        </test-method> <!-- testSub -->
      </class> <!-- com.syntel.calculatorTest.NewCalculator_test -->
      <class name="Calculator_testNG">
        <test-method status="PASS" signature="tearDownMethod()[pri:0, instance:Calculator_testNG@d70c109]" name="tearDownMethod" is-config="true" duration-ms="0" started-at="2019-06-06T09:41:38Z" finished-at="2019-06-06T09:41:38Z">
          <reporter-output>
          </reporter-output>
        </test-method> <!-- tearDownMethod -->
        <test-method status="FAIL" signature="testSubNegatvie()[pri:0, instance:Calculator_testNG@d70c109]" name="testSubNegatvie" duration-ms="0" started-at="2019-06-06T09:41:38Z" finished-at="2019-06-06T09:41:38Z">
          <exception class="java.lang.NullPointerException">
            <full-stacktrace>
              <![CDATA[java.lang.NullPointerException
	at Calculator_testNG.testSubNegatvie(Calculator_testNG.java:43)
	at sun.reflect.NativeMethodAccessorImpl.invoke0(Native Method)
	at sun.reflect.NativeMethodAccessorImpl.invoke(NativeMethodAccessorImpl.java:62)
	at sun.reflect.DelegatingMethodAccessorImpl.invoke(DelegatingMethodAccessorImpl.java:43)
	at java.lang.reflect.Method.invoke(Method.java:498)
	at org.testng.internal.MethodInvocationHelper.invokeMethod(MethodInvocationHelper.java:84)
	at org.testng.internal.Invoker.invokeMethod(Invoker.java:714)
	at org.testng.internal.Invoker.invokeTestMethod(Invoker.java:901)
	at org.testng.internal.Invoker.invokeTestMethods(Invoker.java:1231)
	at org.testng.internal.TestMethodWorker.invokeTestMethods(TestMethodWorker.java:127)
	at org.testng.internal.TestMethodWorker.run(TestMethodWorker.java:111)
	at org.testng.TestRunner.privateRun(TestRunner.java:767)
	at org.testng.TestRunner.run(TestRunner.java:617)
	at org.testng.SuiteRunner.runTest(SuiteRunner.java:334)
	at org.testng.SuiteRunner.runSequentially(SuiteRunner.java:329)
	at org.testng.SuiteRunner.privateRun(SuiteRunner.java:291)
	at org.testng.SuiteRunner.run(SuiteRunner.java:240)
	at org.testng.SuiteRunnerWorker.runSuite(SuiteRunnerWorker.java:52)
	at org.testng.SuiteRunnerWorker.run(SuiteRunnerWorker.java:86)
	at org.testng.TestNG.runSuitesSequentially(TestNG.java:1224)
	at org.testng.TestNG.runSuitesLocally(TestNG.java:1149)
	at org.testng.TestNG.run(TestNG.java:1057)
	at org.testng.TestNG.privateMain(TestNG.java:1364)
	at org.testng.TestNG.main(TestNG.java:1333)
]]>
            </full-stacktrace>
          </exception> <!-- java.lang.NullPointerException -->
          <reporter-output>
          </reporter-output>
        </test-method> <!-- testSubNegatvie -->
        <test-method status="PASS" signature="setUpMethod()[pri:0, instance:Calculator_testNG@d70c109]" name="setUpMethod" is-config="true" duration-ms="0" started-at="2019-06-06T09:41:38Z" finished-at="2019-06-06T09:41:38Z">
          <reporter-output>
          </reporter-output>
        </test-method> <!-- setUpMethod -->
        <test-method status="PASS" signature="setUpClass()[pri:0, instance:Calculator_testNG@d70c109]" name="setUpClass" is-config="true" duration-ms="0" started-at="2019-06-06T09:41:38Z" finished-at="2019-06-06T09:41:38Z">
          <reporter-output>
          </reporter-output>
        </test-method> <!-- setUpClass -->
        <test-method status="PASS" signature="setUpMethod()[pri:0, instance:Calculator_testNG@d70c109]" name="setUpMethod" is-config="true" duration-ms="0" started-at="2019-06-06T09:41:38Z" finished-at="2019-06-06T09:41:38Z">
          <reporter-output>
          </reporter-output>
        </test-method> <!-- setUpMethod -->
        <test-method status="PASS" signature="setUpMethod()[pri:0, instance:Calculator_testNG@d70c109]" name="setUpMethod" is-config="true" duration-ms="0" started-at="2019-06-06T09:41:38Z" finished-at="2019-06-06T09:41:38Z">
          <reporter-output>
          </reporter-output>
        </test-method> <!-- setUpMethod -->
        <test-method status="FAIL" signature="testAddPositives()[pri:0, instance:Calculator_testNG@d70c109]" name="testAddPositives" duration-ms="0" started-at="2019-06-06T09:41:38Z" finished-at="2019-06-06T09:41:38Z">
          <exception class="java.lang.NullPointerException">
            <full-stacktrace>
              <![CDATA[java.lang.NullPointerException
	at Calculator_testNG.testAddPositives(Calculator_testNG.java:19)
	at sun.reflect.NativeMethodAccessorImpl.invoke0(Native Method)
	at sun.reflect.NativeMethodAccessorImpl.invoke(NativeMethodAccessorImpl.java:62)
	at sun.reflect.DelegatingMethodAccessorImpl.invoke(DelegatingMethodAccessorImpl.java:43)
	at java.lang.reflect.Method.invoke(Method.java:498)
	at org.testng.internal.MethodInvocationHelper.invokeMethod(MethodInvocationHelper.java:84)
	at org.testng.internal.Invoker.invokeMethod(Invoker.java:714)
	at org.testng.internal.Invoker.invokeTestMethod(Invoker.java:901)
	at org.testng.internal.Invoker.invokeTestMethods(Invoker.java:1231)
	at org.testng.internal.TestMethodWorker.invokeTestMethods(TestMethodWorker.java:127)
	at org.testng.internal.TestMethodWorker.run(TestMethodWorker.java:111)
	at org.testng.TestRunner.privateRun(TestRunner.java:767)
	at org.testng.TestRunner.run(TestRunner.java:617)
	at org.testng.SuiteRunner.runTest(SuiteRunner.java:334)
	at org.testng.SuiteRunner.runSequentially(SuiteRunner.java:329)
	at org.testng.SuiteRunner.privateRun(SuiteRunner.java:291)
	at org.testng.SuiteRunner.run(SuiteRunner.java:240)
	at org.testng.SuiteRunnerWorker.runSuite(SuiteRunnerWorker.java:52)
	at org.testng.SuiteRunnerWorker.run(SuiteRunnerWorker.java:86)
	at org.testng.TestNG.runSuitesSequentially(TestNG.java:1224)
	at org.testng.TestNG.runSuitesLocally(TestNG.java:1149)
	at org.testng.TestNG.run(TestNG.java:1057)
	at org.testng.TestNG.privateMain(TestNG.java:1364)
	at org.testng.TestNG.main(TestNG.java:1333)
]]>
            </full-stacktrace>
          </exception> <!-- java.lang.NullPointerException -->
          <reporter-output>
          </reporter-output>
        </test-method> <!-- testAddPositives -->
        <test-method status="PASS" signature="setUpMethod()[pri:0, instance:Calculator_testNG@d70c109]" name="setUpMethod" is-config="true" duration-ms="0" started-at="2019-06-06T09:41:38Z" finished-at="2019-06-06T09:41:38Z">
          <reporter-output>
          </reporter-output>
        </test-method> <!-- setUpMethod -->
        <test-method status="FAIL" signature="testSubPositives()[pri:0, instance:Calculator_testNG@d70c109]" name="testSubPositives" duration-ms="0" started-at="2019-06-06T09:41:38Z" finished-at="2019-06-06T09:41:38Z">
          <exception class="java.lang.NullPointerException">
            <full-stacktrace>
              <![CDATA[java.lang.NullPointerException
	at Calculator_testNG.testSubPositives(Calculator_testNG.java:35)
	at sun.reflect.NativeMethodAccessorImpl.invoke0(Native Method)
	at sun.reflect.NativeMethodAccessorImpl.invoke(NativeMethodAccessorImpl.java:62)
	at sun.reflect.DelegatingMethodAccessorImpl.invoke(DelegatingMethodAccessorImpl.java:43)
	at java.lang.reflect.Method.invoke(Method.java:498)
	at org.testng.internal.MethodInvocationHelper.invokeMethod(MethodInvocationHelper.java:84)
	at org.testng.internal.Invoker.invokeMethod(Invoker.java:714)
	at org.testng.internal.Invoker.invokeTestMethod(Invoker.java:901)
	at org.testng.internal.Invoker.invokeTestMethods(Invoker.java:1231)
	at org.testng.internal.TestMethodWorker.invokeTestMethods(TestMethodWorker.java:127)
	at org.testng.internal.TestMethodWorker.run(TestMethodWorker.java:111)
	at org.testng.TestRunner.privateRun(TestRunner.java:767)
	at org.testng.TestRunner.run(TestRunner.java:617)
	at org.testng.SuiteRunner.runTest(SuiteRunner.java:334)
	at org.testng.SuiteRunner.runSequentially(SuiteRunner.java:329)
	at org.testng.SuiteRunner.privateRun(SuiteRunner.java:291)
	at org.testng.SuiteRunner.run(SuiteRunner.java:240)
	at org.testng.SuiteRunnerWorker.runSuite(SuiteRunnerWorker.java:52)
	at org.testng.SuiteRunnerWorker.run(SuiteRunnerWorker.java:86)
	at org.testng.TestNG.runSuitesSequentially(TestNG.java:1224)
	at org.testng.TestNG.runSuitesLocally(TestNG.java:1149)
	at org.testng.TestNG.run(TestNG.java:1057)
	at org.testng.TestNG.privateMain(TestNG.java:1364)
	at org.testng.TestNG.main(TestNG.java:1333)
]]>
            </full-stacktrace>
          </exception> <!-- java.lang.NullPointerException -->
          <reporter-output>
          </reporter-output>
        </test-method> <!-- testSubPositives -->
        <test-method status="PASS" signature="tearDownMethod()[pri:0, instance:Calculator_testNG@d70c109]" name="tearDownMethod" is-config="true" duration-ms="0" started-at="2019-06-06T09:41:38Z" finished-at="2019-06-06T09:41:38Z">
          <reporter-output>
          </reporter-output>
        </test-method> <!-- tearDownMethod -->
        <test-method status="PASS" signature="tearDownMethod()[pri:0, instance:Calculator_testNG@d70c109]" name="tearDownMethod" is-config="true" duration-ms="0" started-at="2019-06-06T09:41:38Z" finished-at="2019-06-06T09:41:38Z">
          <reporter-output>
          </reporter-output>
        </test-method> <!-- tearDownMethod -->
        <test-method status="PASS" signature="tearDownClass()[pri:0, instance:Calculator_testNG@d70c109]" name="tearDownClass" is-config="true" duration-ms="0" started-at="2019-06-06T09:41:38Z" finished-at="2019-06-06T09:41:38Z">
          <reporter-output>
          </reporter-output>
        </test-method> <!-- tearDownClass -->
        <test-method status="PASS" signature="testAddNegatvie()[pri:0, instance:Calculator_testNG@d70c109]" name="testAddNegatvie" duration-ms="0" started-at="2019-06-06T09:41:38Z" finished-at="2019-06-06T09:41:38Z">
          <reporter-output>
          </reporter-output>
        </test-method> <!-- testAddNegatvie -->
        <test-method status="PASS" signature="tearDownMethod()[pri:0, instance:Calculator_testNG@d70c109]" name="tearDownMethod" is-config="true" duration-ms="0" started-at="2019-06-06T09:41:38Z" finished-at="2019-06-06T09:41:38Z">
          <reporter-output>
          </reporter-output>
        </test-method> <!-- tearDownMethod -->
      </class> <!-- Calculator_testNG -->
      <class name="com.syntel.calculatorTest.Calculator_testNG">
        <test-method status="PASS" signature="tearDownMethod()[pri:0, instance:com.syntel.calculatorTest.Calculator_testNG@17ed40e0]" name="tearDownMethod" is-config="true" duration-ms="0" started-at="2019-06-06T09:41:38Z" finished-at="2019-06-06T09:41:38Z">
          <reporter-output>
          </reporter-output>
        </test-method> <!-- tearDownMethod -->
        <test-method status="PASS" signature="tearDownMethod()[pri:0, instance:com.syntel.calculatorTest.Calculator_testNG@17ed40e0]" name="tearDownMethod" is-config="true" duration-ms="0" started-at="2019-06-06T09:41:38Z" finished-at="2019-06-06T09:41:38Z">
          <reporter-output>
          </reporter-output>
        </test-method> <!-- tearDownMethod -->
        <test-method status="PASS" signature="setUpClass()[pri:0, instance:com.syntel.calculatorTest.Calculator_testNG@17ed40e0]" name="setUpClass" is-config="true" duration-ms="0" started-at="2019-06-06T09:41:38Z" finished-at="2019-06-06T09:41:38Z">
          <reporter-output>
          </reporter-output>
        </test-method> <!-- setUpClass -->
        <test-method status="FAIL" signature="testSubNegatvie()[pri:0, instance:com.syntel.calculatorTest.Calculator_testNG@17ed40e0]" name="testSubNegatvie" duration-ms="0" started-at="2019-06-06T09:41:38Z" finished-at="2019-06-06T09:41:38Z">
          <exception class="java.lang.AssertionError">
            <message>
              <![CDATA[expected [-30] but found [-50]]]>
            </message>
            <full-stacktrace>
              <![CDATA[java.lang.AssertionError: expected [-30] but found [-50]
	at org.testng.Assert.fail(Assert.java:94)
	at org.testng.Assert.failNotEquals(Assert.java:494)
	at org.testng.Assert.assertEquals(Assert.java:123)
	at org.testng.Assert.assertEquals(Assert.java:370)
	at org.testng.Assert.assertEquals(Assert.java:380)
	at com.syntel.calculatorTest.Calculator_testNG.testSubNegatvie(Calculator_testNG.java:45)
	at sun.reflect.NativeMethodAccessorImpl.invoke0(Native Method)
	at sun.reflect.NativeMethodAccessorImpl.invoke(NativeMethodAccessorImpl.java:62)
	at sun.reflect.DelegatingMethodAccessorImpl.invoke(DelegatingMethodAccessorImpl.java:43)
	at java.lang.reflect.Method.invoke(Method.java:498)
	at org.testng.internal.MethodInvocationHelper.invokeMethod(MethodInvocationHelper.java:84)
	at org.testng.internal.Invoker.invokeMethod(Invoker.java:714)
	at org.testng.internal.Invoker.invokeTestMethod(Invoker.java:901)
	at org.testng.internal.Invoker.invokeTestMethods(Invoker.java:1231)
	at org.testng.internal.TestMethodWorker.invokeTestMethods(TestMethodWorker.java:127)
	at org.testng.internal.TestMethodWorker.run(TestMethodWorker.java:111)
	at org.testng.TestRunner.privateRun(TestRunner.java:767)
	at org.testng.TestRunner.run(TestRunner.java:617)
	at org.testng.SuiteRunner.runTest(SuiteRunner.java:334)
	at org.testng.SuiteRunner.runSequentially(SuiteRunner.java:329)
	at org.testng.SuiteRunner.privateRun(SuiteRunner.java:291)
	at org.testng.SuiteRunner.run(SuiteRunner.java:240)
	at org.testng.SuiteRunnerWorker.runSuite(SuiteRunnerWorker.java:52)
	at org.testng.SuiteRunnerWorker.run(SuiteRunnerWorker.java:86)
	at org.testng.TestNG.runSuitesSequentially(TestNG.java:1224)
	at org.testng.TestNG.runSuitesLocally(TestNG.java:1149)
	at org.testng.TestNG.run(TestNG.java:1057)
	at org.testng.TestNG.privateMain(TestNG.java:1364)
	at org.testng.TestNG.main(TestNG.java:1333)
]]>
            </full-stacktrace>
          </exception> <!-- java.lang.AssertionError -->
          <reporter-output>
          </reporter-output>
        </test-method> <!-- testSubNegatvie -->
        <test-method status="PASS" signature="setUpMethod()[pri:0, instance:com.syntel.calculatorTest.Calculator_testNG@17ed40e0]" name="setUpMethod" is-config="true" duration-ms="0" started-at="2019-06-06T09:41:38Z" finished-at="2019-06-06T09:41:38Z">
          <reporter-output>
          </reporter-output>
        </test-method> <!-- setUpMethod -->
        <test-method status="PASS" signature="testAddNegatvie()[pri:0, instance:com.syntel.calculatorTest.Calculator_testNG@17ed40e0]" name="testAddNegatvie" duration-ms="0" started-at="2019-06-06T09:41:38Z" finished-at="2019-06-06T09:41:38Z">
          <reporter-output>
          </reporter-output>
        </test-method> <!-- testAddNegatvie -->
        <test-method status="PASS" signature="tearDownMethod()[pri:0, instance:com.syntel.calculatorTest.Calculator_testNG@17ed40e0]" name="tearDownMethod" is-config="true" duration-ms="0" started-at="2019-06-06T09:41:38Z" finished-at="2019-06-06T09:41:38Z">
          <reporter-output>
          </reporter-output>
        </test-method> <!-- tearDownMethod -->
        <test-method status="PASS" signature="testSubPositives()[pri:0, instance:com.syntel.calculatorTest.Calculator_testNG@17ed40e0]" name="testSubPositives" duration-ms="0" started-at="2019-06-06T09:41:38Z" finished-at="2019-06-06T09:41:38Z">
          <reporter-output>
          </reporter-output>
        </test-method> <!-- testSubPositives -->
        <test-method status="PASS" signature="setUpMethod()[pri:0, instance:com.syntel.calculatorTest.Calculator_testNG@17ed40e0]" name="setUpMethod" is-config="true" duration-ms="0" started-at="2019-06-06T09:41:38Z" finished-at="2019-06-06T09:41:38Z">
          <reporter-output>
          </reporter-output>
        </test-method> <!-- setUpMethod -->
        <test-method status="PASS" signature="setUpMethod()[pri:0, instance:com.syntel.calculatorTest.Calculator_testNG@17ed40e0]" name="setUpMethod" is-config="true" duration-ms="0" started-at="2019-06-06T09:41:38Z" finished-at="2019-06-06T09:41:38Z">
          <reporter-output>
          </reporter-output>
        </test-method> <!-- setUpMethod -->
        <test-method status="PASS" signature="testAddPositives()[pri:0, instance:com.syntel.calculatorTest.Calculator_testNG@17ed40e0]" name="testAddPositives" duration-ms="0" started-at="2019-06-06T09:41:38Z" finished-at="2019-06-06T09:41:38Z">
          <reporter-output>
          </reporter-output>
        </test-method> <!-- testAddPositives -->
        <test-method status="PASS" signature="tearDownMethod()[pri:0, instance:com.syntel.calculatorTest.Calculator_testNG@17ed40e0]" name="tearDownMethod" is-config="true" duration-ms="0" started-at="2019-06-06T09:41:38Z" finished-at="2019-06-06T09:41:38Z">
          <reporter-output>
          </reporter-output>
        </test-method> <!-- tearDownMethod -->
        <test-method status="PASS" signature="setUpMethod()[pri:0, instance:com.syntel.calculatorTest.Calculator_testNG@17ed40e0]" name="setUpMethod" is-config="true" duration-ms="0" started-at="2019-06-06T09:41:38Z" finished-at="2019-06-06T09:41:38Z">
          <reporter-output>
          </reporter-output>
        </test-method> <!-- setUpMethod -->
        <test-method status="PASS" signature="tearDownClass()[pri:0, instance:com.syntel.calculatorTest.Calculator_testNG@17ed40e0]" name="tearDownClass" is-config="true" duration-ms="636" started-at="2019-06-06T09:41:38Z" finished-at="2019-06-06T09:41:39Z">
          <reporter-output>
          </reporter-output>
        </test-method> <!-- tearDownClass -->
      </class> <!-- com.syntel.calculatorTest.Calculator_testNG -->
      <class name="com.syntel.calculatorTest.TG_testcase">
        <test-method status="PASS" signature="setUpClass()[pri:0, instance:com.syntel.calculatorTest.TG_testcase@50675690]" name="setUpClass" is-config="true" duration-ms="0" started-at="2019-06-06T09:41:39Z" finished-at="2019-06-06T09:41:39Z">
          <reporter-output>
          </reporter-output>
        </test-method> <!-- setUpClass -->
        <test-method status="PASS" signature="setUpMethod()[pri:0, instance:com.syntel.calculatorTest.TG_testcase@50675690]" name="setUpMethod" is-config="true" duration-ms="0" started-at="2019-06-06T09:41:39Z" finished-at="2019-06-06T09:41:39Z">
          <reporter-output>
          </reporter-output>
        </test-method> <!-- setUpMethod -->
        <test-method status="PASS" signature="setUpMethod()[pri:0, instance:com.syntel.calculatorTest.TG_testcase@50675690]" name="setUpMethod" is-config="true" duration-ms="0" started-at="2019-06-06T09:41:39Z" finished-at="2019-06-06T09:41:39Z">
          <reporter-output>
          </reporter-output>
        </test-method> <!-- setUpMethod -->
        <test-method status="PASS" signature="hello()[pri:0, instance:com.syntel.calculatorTest.TG_testcase@50675690]" name="hello" duration-ms="0" started-at="2019-06-06T09:41:39Z" finished-at="2019-06-06T09:41:39Z">
          <reporter-output>
          </reporter-output>
        </test-method> <!-- hello -->
        <test-method status="PASS" signature="tearDownMethod()[pri:0, instance:com.syntel.calculatorTest.TG_testcase@50675690]" name="tearDownMethod" is-config="true" duration-ms="0" started-at="2019-06-06T09:41:39Z" finished-at="2019-06-06T09:41:39Z">
          <reporter-output>
          </reporter-output>
        </test-method> <!-- tearDownMethod -->
        <test-method status="PASS" signature="hello2()[pri:0, instance:com.syntel.calculatorTest.TG_testcase@50675690]" name="hello2" duration-ms="0" started-at="2019-06-06T09:41:39Z" finished-at="2019-06-06T09:41:39Z">
          <reporter-output>
          </reporter-output>
        </test-method> <!-- hello2 -->
        <test-method status="PASS" signature="tearDownMethod()[pri:0, instance:com.syntel.calculatorTest.TG_testcase@50675690]" name="tearDownMethod" is-config="true" duration-ms="0" started-at="2019-06-06T09:41:39Z" finished-at="2019-06-06T09:41:39Z">
          <reporter-output>
          </reporter-output>
        </test-method> <!-- tearDownMethod -->
        <test-method status="PASS" signature="hello3()[pri:0, instance:com.syntel.calculatorTest.TG_testcase@50675690]" name="hello3" duration-ms="0" started-at="2019-06-06T09:41:39Z" finished-at="2019-06-06T09:41:39Z">
          <reporter-output>
          </reporter-output>
        </test-method> <!-- hello3 -->
        <test-method status="PASS" signature="tearDownMethod()[pri:0, instance:com.syntel.calculatorTest.TG_testcase@50675690]" name="tearDownMethod" is-config="true" duration-ms="1" started-at="2019-06-06T09:41:39Z" finished-at="2019-06-06T09:41:39Z">
          <reporter-output>
          </reporter-output>
        </test-method> <!-- tearDownMethod -->
        <test-method status="PASS" signature="setUpMethod()[pri:0, instance:com.syntel.calculatorTest.TG_testcase@50675690]" name="setUpMethod" is-config="true" duration-ms="0" started-at="2019-06-06T09:41:39Z" finished-at="2019-06-06T09:41:39Z">
          <reporter-output>
          </reporter-output>
        </test-method> <!-- setUpMethod -->
        <test-method status="PASS" signature="tearDownClass()[pri:0, instance:com.syntel.calculatorTest.TG_testcase@50675690]" name="tearDownClass" is-config="true" duration-ms="0" started-at="2019-06-06T09:41:39Z" finished-at="2019-06-06T09:41:39Z">
          <reporter-output>
          </reporter-output>
        </test-method> <!-- tearDownClass -->
      </class> <!-- com.syntel.calculatorTest.TG_testcase -->
      <class name="SomthigntoTEST">
        <test-method status="PASS" signature="hello()[pri:0, instance:SomthigntoTEST@2be94b0f]" name="hello" duration-ms="1" started-at="2019-06-06T09:41:39Z" finished-at="2019-06-06T09:41:39Z">
          <reporter-output>
          </reporter-output>
        </test-method> <!-- hello -->
        <test-method status="PASS" signature="setUpMethod()[pri:0, instance:SomthigntoTEST@2be94b0f]" name="setUpMethod" is-config="true" duration-ms="0" started-at="2019-06-06T09:41:39Z" finished-at="2019-06-06T09:41:39Z">
          <reporter-output>
          </reporter-output>
        </test-method> <!-- setUpMethod -->
        <test-method status="PASS" signature="setUpClass()[pri:0, instance:SomthigntoTEST@2be94b0f]" name="setUpClass" is-config="true" duration-ms="0" started-at="2019-06-06T09:41:39Z" finished-at="2019-06-06T09:41:39Z">
          <reporter-output>
          </reporter-output>
        </test-method> <!-- setUpClass -->
        <test-method status="PASS" signature="tearDownMethod()[pri:0, instance:SomthigntoTEST@2be94b0f]" name="tearDownMethod" is-config="true" duration-ms="0" started-at="2019-06-06T09:41:39Z" finished-at="2019-06-06T09:41:39Z">
          <reporter-output>
          </reporter-output>
        </test-method> <!-- tearDownMethod -->
        <test-method status="PASS" signature="tearDownClass()[pri:0, instance:SomthigntoTEST@2be94b0f]" name="tearDownClass" is-config="true" duration-ms="0" started-at="2019-06-06T09:41:39Z" finished-at="2019-06-06T09:41:39Z">
          <reporter-output>
          </reporter-output>
        </test-method> <!-- tearDownClass -->
      </class> <!-- SomthigntoTEST -->
      <class name="com.syntel.calculatorTest.SomthigntoTEST">
        <test-method status="PASS" signature="setUpMethod()[pri:0, instance:com.syntel.calculatorTest.SomthigntoTEST@3ac42916]" name="setUpMethod" is-config="true" duration-ms="0" started-at="2019-06-06T09:41:39Z" finished-at="2019-06-06T09:41:39Z">
          <reporter-output>
          </reporter-output>
        </test-method> <!-- setUpMethod -->
        <test-method status="PASS" signature="hello()[pri:0, instance:com.syntel.calculatorTest.SomthigntoTEST@3ac42916]" name="hello" duration-ms="1" started-at="2019-06-06T09:41:39Z" finished-at="2019-06-06T09:41:39Z">
          <reporter-output>
          </reporter-output>
        </test-method> <!-- hello -->
        <test-method status="PASS" signature="setUpClass()[pri:0, instance:com.syntel.calculatorTest.SomthigntoTEST@3ac42916]" name="setUpClass" is-config="true" duration-ms="0" started-at="2019-06-06T09:41:39Z" finished-at="2019-06-06T09:41:39Z">
          <reporter-output>
          </reporter-output>
        </test-method> <!-- setUpClass -->
        <test-method status="PASS" signature="tearDownClass()[pri:0, instance:com.syntel.calculatorTest.SomthigntoTEST@3ac42916]" name="tearDownClass" is-config="true" duration-ms="0" started-at="2019-06-06T09:41:39Z" finished-at="2019-06-06T09:41:39Z">
          <reporter-output>
          </reporter-output>
        </test-method> <!-- tearDownClass -->
        <test-method status="PASS" signature="tearDownMethod()[pri:0, instance:com.syntel.calculatorTest.SomthigntoTEST@3ac42916]" name="tearDownMethod" is-config="true" duration-ms="0" started-at="2019-06-06T09:41:39Z" finished-at="2019-06-06T09:41:39Z">
          <reporter-output>
          </reporter-output>
        </test-method> <!-- tearDownMethod -->
      </class> <!-- com.syntel.calculatorTest.SomthigntoTEST -->
      <class name="com.syntel.calculatorTest.TG_testcase1">
        <test-method status="PASS" signature="setUpMethod()[pri:0, instance:com.syntel.calculatorTest.TG_testcase1@5c0369c4]" name="setUpMethod" is-config="true" duration-ms="1" started-at="2019-06-06T09:41:39Z" finished-at="2019-06-06T09:41:39Z">
          <reporter-output>
          </reporter-output>
        </test-method> <!-- setUpMethod -->
        <test-method status="PASS" signature="setUpClass()[pri:0, instance:com.syntel.calculatorTest.TG_testcase1@5c0369c4]" name="setUpClass" is-config="true" duration-ms="0" started-at="2019-06-06T09:41:39Z" finished-at="2019-06-06T09:41:39Z">
          <reporter-output>
          </reporter-output>
        </test-method> <!-- setUpClass -->
        <test-method status="PASS" signature="hello()[pri:0, instance:com.syntel.calculatorTest.TG_testcase1@5c0369c4]" name="hello" duration-ms="0" started-at="2019-06-06T09:41:39Z" finished-at="2019-06-06T09:41:39Z">
          <reporter-output>
          </reporter-output>
        </test-method> <!-- hello -->
        <test-method status="PASS" signature="tearDownMethod()[pri:0, instance:com.syntel.calculatorTest.TG_testcase1@5c0369c4]" name="tearDownMethod" is-config="true" duration-ms="0" started-at="2019-06-06T09:41:39Z" finished-at="2019-06-06T09:41:39Z">
          <reporter-output>
          </reporter-output>
        </test-method> <!-- tearDownMethod -->
        <test-method status="PASS" signature="setUpMethod()[pri:0, instance:com.syntel.calculatorTest.TG_testcase1@5c0369c4]" name="setUpMethod" is-config="true" duration-ms="1" started-at="2019-06-06T09:41:39Z" finished-at="2019-06-06T09:41:39Z">
          <reporter-output>
          </reporter-output>
        </test-method> <!-- setUpMethod -->
        <test-method status="PASS" signature="hello2()[pri:0, instance:com.syntel.calculatorTest.TG_testcase1@5c0369c4]" name="hello2" duration-ms="1" started-at="2019-06-06T09:41:39Z" finished-at="2019-06-06T09:41:39Z">
          <reporter-output>
          </reporter-output>
        </test-method> <!-- hello2 -->
        <test-method status="PASS" signature="hello3()[pri:0, instance:com.syntel.calculatorTest.TG_testcase1@5c0369c4]" name="hello3" duration-ms="1" started-at="2019-06-06T09:41:39Z" finished-at="2019-06-06T09:41:39Z">
          <reporter-output>
          </reporter-output>
        </test-method> <!-- hello3 -->
        <test-method status="PASS" signature="setUpMethod()[pri:0, instance:com.syntel.calculatorTest.TG_testcase1@5c0369c4]" name="setUpMethod" is-config="true" duration-ms="0" started-at="2019-06-06T09:41:39Z" finished-at="2019-06-06T09:41:39Z">
          <reporter-output>
          </reporter-output>
        </test-method> <!-- setUpMethod -->
        <test-method status="PASS" signature="tearDownMethod()[pri:0, instance:com.syntel.calculatorTest.TG_testcase1@5c0369c4]" name="tearDownMethod" is-config="true" duration-ms="0" started-at="2019-06-06T09:41:39Z" finished-at="2019-06-06T09:41:39Z">
          <reporter-output>
          </reporter-output>
        </test-method> <!-- tearDownMethod -->
        <test-method status="PASS" signature="tearDownClass()[pri:0, instance:com.syntel.calculatorTest.TG_testcase1@5c0369c4]" name="tearDownClass" is-config="true" duration-ms="1" started-at="2019-06-06T09:41:39Z" finished-at="2019-06-06T09:41:39Z">
          <reporter-output>
          </reporter-output>
        </test-method> <!-- tearDownClass -->
        <test-method status="PASS" signature="tearDownMethod()[pri:0, instance:com.syntel.calculatorTest.TG_testcase1@5c0369c4]" name="tearDownMethod" is-config="true" duration-ms="0" started-at="2019-06-06T09:41:39Z" finished-at="2019-06-06T09:41:39Z">
          <reporter-output>
          </reporter-output>
        </test-method> <!-- tearDownMethod -->
      </class> <!-- com.syntel.calculatorTest.TG_testcase1 -->
    </test> <!-- All tests for Selenium_testNG -->
  </suite> <!-- Selenium_testNG -->
</testng-results>
