<html>
<head>
<title>TestNG:  All tests for Selenium_testNG</title>
<link href="../testng.css" rel="stylesheet" type="text/css" />
<link href="../my-testng.css" rel="stylesheet" type="text/css" />

<style type="text/css">
.log { display: none;} 
.stack-trace { display: none;} 
</style>
<script type="text/javascript">
<!--
function flip(e) {
  current = e.style.display;
  if (current == 'block') {
    e.style.display = 'none';
    return 0;
  }
  else {
    e.style.display = 'block';
    return 1;
  }
}

function toggleBox(szDivId, elem, msg1, msg2)
{
  var res = -1;  if (document.getElementById) {
    res = flip(document.getElementById(szDivId));
  }
  else if (document.all) {
    // this is the way old msie versions work
    res = flip(document.all[szDivId]);
  }
  if(elem) {
    if(res == 0) elem.innerHTML = msg1; else elem.innerHTML = msg2;
  }

}

function toggleAllBoxes() {
  if (document.getElementsByTagName) {
    d = document.getElementsByTagName('div');
    for (i = 0; i < d.length; i++) {
      if (d[i].className == 'log') {
        flip(d[i]);
      }
    }
  }
}

// -->
</script>

</head>
<body>
<h2 align='center'>All tests for Selenium_testNG</h2><table border='1' align="center">
<tr>
<td>Tests passed/Failed/Skipped:</td><td>12/8/0</td>
</tr><tr>
<td>Started on:</td><td>Thu Jun 06 09:41:38 MST 2019</td>
</tr>
<tr><td>Total time:</td><td>0 seconds (752 ms)</td>
</tr><tr>
<td>Included groups:</td><td></td>
</tr><tr>
<td>Excluded groups:</td><td></td>
</tr>
</table><p/>
<small><i>(Hover the method name to see the test class name)</i></small><p/>
<table width='100%' border='1' class='invocation-failed'>
<tr><td colspan='4' align='center'><b>FAILED TESTS</b></td></tr>
<tr><td><b>Test method</b></td>
<td width="30%"><b>Exception</b></td>
<td width="10%"><b>Time (seconds)</b></td>
<td><b>Instance</b></td>
</tr>
<tr>
<td title='Calculator_testNG.testAddPositives()'><b>testAddPositives</b><br>Test class: Calculator_testNG</td>
<td><div><pre>java.lang.NullPointerException
	at Calculator_testNG.testAddPositives(Calculator_testNG.java:19)
... Removed 23 stack frames</pre></div><a href='#' onClick='toggleBox("stack-trace1468177767", this, "Click to show all stack frames", "Click to hide stack frames")'>Click to show all stack frames</a>
<div class='stack-trace' id='stack-trace1468177767'><pre>java.lang.NullPointerException
	at Calculator_testNG.testAddPositives(Calculator_testNG.java:19)
	at sun.reflect.NativeMethodAccessorImpl.invoke0(Native Method)
	at sun.reflect.NativeMethodAccessorImpl.invoke(NativeMethodAccessorImpl.java:62)
	at sun.reflect.DelegatingMethodAccessorImpl.invoke(DelegatingMethodAccessorImpl.java:43)
	at java.lang.reflect.Method.invoke(Method.java:498)
	at org.testng.internal.MethodInvocationHelper.invokeMethod(MethodInvocationHelper.java:84)
	at org.testng.internal.Invoker.invokeMethod(Invoker.java:714)
	at org.testng.internal.Invoker.invokeTestMethod(Invoker.java:901)
	at org.testng.internal.Invoker.invokeTestMethods(Invoker.java:1231)
	at org.testng.internal.TestMethodWorker.invokeTestMethods(TestMethodWorker.java:127)
	at org.testng.internal.TestMethodWorker.run(TestMethodWorker.java:111)
	at org.testng.TestRunner.privateRun(TestRunner.java:767)
	at org.testng.TestRunner.run(TestRunner.java:617)
	at org.testng.SuiteRunner.runTest(SuiteRunner.java:334)
	at org.testng.SuiteRunner.runSequentially(SuiteRunner.java:329)
	at org.testng.SuiteRunner.privateRun(SuiteRunner.java:291)
	at org.testng.SuiteRunner.run(SuiteRunner.java:240)
	at org.testng.SuiteRunnerWorker.runSuite(SuiteRunnerWorker.java:52)
	at org.testng.SuiteRunnerWorker.run(SuiteRunnerWorker.java:86)
	at org.testng.TestNG.runSuitesSequentially(TestNG.java:1224)
	at org.testng.TestNG.runSuitesLocally(TestNG.java:1149)
	at org.testng.TestNG.run(TestNG.java:1057)
	at org.testng.TestNG.privateMain(TestNG.java:1364)
	at org.testng.TestNG.main(TestNG.java:1333)
</pre></div></td>
<td>0</td>
<td>Calculator_testNG@d70c109</td></tr>
<tr>
<td title='Calculator_testNG.testSubNegatvie()'><b>testSubNegatvie</b><br>Test class: Calculator_testNG</td>
<td><div><pre>java.lang.NullPointerException
	at Calculator_testNG.testSubNegatvie(Calculator_testNG.java:43)
... Removed 23 stack frames</pre></div><a href='#' onClick='toggleBox("stack-trace1025799482", this, "Click to show all stack frames", "Click to hide stack frames")'>Click to show all stack frames</a>
<div class='stack-trace' id='stack-trace1025799482'><pre>java.lang.NullPointerException
	at Calculator_testNG.testSubNegatvie(Calculator_testNG.java:43)
	at sun.reflect.NativeMethodAccessorImpl.invoke0(Native Method)
	at sun.reflect.NativeMethodAccessorImpl.invoke(NativeMethodAccessorImpl.java:62)
	at sun.reflect.DelegatingMethodAccessorImpl.invoke(DelegatingMethodAccessorImpl.java:43)
	at java.lang.reflect.Method.invoke(Method.java:498)
	at org.testng.internal.MethodInvocationHelper.invokeMethod(MethodInvocationHelper.java:84)
	at org.testng.internal.Invoker.invokeMethod(Invoker.java:714)
	at org.testng.internal.Invoker.invokeTestMethod(Invoker.java:901)
	at org.testng.internal.Invoker.invokeTestMethods(Invoker.java:1231)
	at org.testng.internal.TestMethodWorker.invokeTestMethods(TestMethodWorker.java:127)
	at org.testng.internal.TestMethodWorker.run(TestMethodWorker.java:111)
	at org.testng.TestRunner.privateRun(TestRunner.java:767)
	at org.testng.TestRunner.run(TestRunner.java:617)
	at org.testng.SuiteRunner.runTest(SuiteRunner.java:334)
	at org.testng.SuiteRunner.runSequentially(SuiteRunner.java:329)
	at org.testng.SuiteRunner.privateRun(SuiteRunner.java:291)
	at org.testng.SuiteRunner.run(SuiteRunner.java:240)
	at org.testng.SuiteRunnerWorker.runSuite(SuiteRunnerWorker.java:52)
	at org.testng.SuiteRunnerWorker.run(SuiteRunnerWorker.java:86)
	at org.testng.TestNG.runSuitesSequentially(TestNG.java:1224)
	at org.testng.TestNG.runSuitesLocally(TestNG.java:1149)
	at org.testng.TestNG.run(TestNG.java:1057)
	at org.testng.TestNG.privateMain(TestNG.java:1364)
	at org.testng.TestNG.main(TestNG.java:1333)
</pre></div></td>
<td>0</td>
<td>Calculator_testNG@d70c109</td></tr>
<tr>
<td title='com.syntel.calculatorTest.Calculator_testNG.testSubNegatvie()'><b>testSubNegatvie</b><br>Test class: com.syntel.calculatorTest.Calculator_testNG</td>
<td><div><pre>java.lang.AssertionError: expected [-30] but found [-50]
	at com.syntel.calculatorTest.Calculator_testNG.testSubNegatvie(Calculator_testNG.java:45)
... Removed 28 stack frames</pre></div><a href='#' onClick='toggleBox("stack-trace796533847", this, "Click to show all stack frames", "Click to hide stack frames")'>Click to show all stack frames</a>
<div class='stack-trace' id='stack-trace796533847'><pre>java.lang.AssertionError: expected [-30] but found [-50]
	at org.testng.Assert.fail(Assert.java:94)
	at org.testng.Assert.failNotEquals(Assert.java:494)
	at org.testng.Assert.assertEquals(Assert.java:123)
	at org.testng.Assert.assertEquals(Assert.java:370)
	at org.testng.Assert.assertEquals(Assert.java:380)
	at com.syntel.calculatorTest.Calculator_testNG.testSubNegatvie(Calculator_testNG.java:45)
	at sun.reflect.NativeMethodAccessorImpl.invoke0(Native Method)
	at sun.reflect.NativeMethodAccessorImpl.invoke(NativeMethodAccessorImpl.java:62)
	at sun.reflect.DelegatingMethodAccessorImpl.invoke(DelegatingMethodAccessorImpl.java:43)
	at java.lang.reflect.Method.invoke(Method.java:498)
	at org.testng.internal.MethodInvocationHelper.invokeMethod(MethodInvocationHelper.java:84)
	at org.testng.internal.Invoker.invokeMethod(Invoker.java:714)
	at org.testng.internal.Invoker.invokeTestMethod(Invoker.java:901)
	at org.testng.internal.Invoker.invokeTestMethods(Invoker.java:1231)
	at org.testng.internal.TestMethodWorker.invokeTestMethods(TestMethodWorker.java:127)
	at org.testng.internal.TestMethodWorker.run(TestMethodWorker.java:111)
	at org.testng.TestRunner.privateRun(TestRunner.java:767)
	at org.testng.TestRunner.run(TestRunner.java:617)
	at org.testng.SuiteRunner.runTest(SuiteRunner.java:334)
	at org.testng.SuiteRunner.runSequentially(SuiteRunner.java:329)
	at org.testng.SuiteRunner.privateRun(SuiteRunner.java:291)
	at org.testng.SuiteRunner.run(SuiteRunner.java:240)
	at org.testng.SuiteRunnerWorker.runSuite(SuiteRunnerWorker.java:52)
	at org.testng.SuiteRunnerWorker.run(SuiteRunnerWorker.java:86)
	at org.testng.TestNG.runSuitesSequentially(TestNG.java:1224)
	at org.testng.TestNG.runSuitesLocally(TestNG.java:1149)
	at org.testng.TestNG.run(TestNG.java:1057)
	at org.testng.TestNG.privateMain(TestNG.java:1364)
	at org.testng.TestNG.main(TestNG.java:1333)
</pre></div></td>
<td>0</td>
<td>com.syntel.calculatorTest.Calculator_testNG@17ed40e0</td></tr>
<tr>
<td title='Calculator_testNG.testSubPositives()'><b>testSubPositives</b><br>Test class: Calculator_testNG</td>
<td><div><pre>java.lang.NullPointerException
	at Calculator_testNG.testSubPositives(Calculator_testNG.java:35)
... Removed 23 stack frames</pre></div><a href='#' onClick='toggleBox("stack-trace1873653341", this, "Click to show all stack frames", "Click to hide stack frames")'>Click to show all stack frames</a>
<div class='stack-trace' id='stack-trace1873653341'><pre>java.lang.NullPointerException
	at Calculator_testNG.testSubPositives(Calculator_testNG.java:35)
	at sun.reflect.NativeMethodAccessorImpl.invoke0(Native Method)
	at sun.reflect.NativeMethodAccessorImpl.invoke(NativeMethodAccessorImpl.java:62)
	at sun.reflect.DelegatingMethodAccessorImpl.invoke(DelegatingMethodAccessorImpl.java:43)
	at java.lang.reflect.Method.invoke(Method.java:498)
	at org.testng.internal.MethodInvocationHelper.invokeMethod(MethodInvocationHelper.java:84)
	at org.testng.internal.Invoker.invokeMethod(Invoker.java:714)
	at org.testng.internal.Invoker.invokeTestMethod(Invoker.java:901)
	at org.testng.internal.Invoker.invokeTestMethods(Invoker.java:1231)
	at org.testng.internal.TestMethodWorker.invokeTestMethods(TestMethodWorker.java:127)
	at org.testng.internal.TestMethodWorker.run(TestMethodWorker.java:111)
	at org.testng.TestRunner.privateRun(TestRunner.java:767)
	at org.testng.TestRunner.run(TestRunner.java:617)
	at org.testng.SuiteRunner.runTest(SuiteRunner.java:334)
	at org.testng.SuiteRunner.runSequentially(SuiteRunner.java:329)
	at org.testng.SuiteRunner.privateRun(SuiteRunner.java:291)
	at org.testng.SuiteRunner.run(SuiteRunner.java:240)
	at org.testng.SuiteRunnerWorker.runSuite(SuiteRunnerWorker.java:52)
	at org.testng.SuiteRunnerWorker.run(SuiteRunnerWorker.java:86)
	at org.testng.TestNG.runSuitesSequentially(TestNG.java:1224)
	at org.testng.TestNG.runSuitesLocally(TestNG.java:1149)
	at org.testng.TestNG.run(TestNG.java:1057)
	at org.testng.TestNG.privateMain(TestNG.java:1364)
	at org.testng.TestNG.main(TestNG.java:1333)
</pre></div></td>
<td>0</td>
<td>Calculator_testNG@d70c109</td></tr>
</table><p>
<table width='100%' border='1' class='invocation-passed'>
<tr><td colspan='4' align='center'><b>PASSED TESTS</b></td></tr>
<tr><td><b>Test method</b></td>
<td width="30%"><b>Exception</b></td>
<td width="10%"><b>Time (seconds)</b></td>
<td><b>Instance</b></td>
</tr>
<tr>
<td title='com.syntel.calculatorTest.SomthigntoTEST.hello()'><b>hello</b><br>Test class: com.syntel.calculatorTest.SomthigntoTEST</td>
<td></td>
<td>0</td>
<td>com.syntel.calculatorTest.SomthigntoTEST@3ac42916</td></tr>
<tr>
<td title='com.syntel.calculatorTest.TG_testcase.hello()'><b>hello</b><br>Test class: com.syntel.calculatorTest.TG_testcase</td>
<td></td>
<td>0</td>
<td>com.syntel.calculatorTest.TG_testcase@50675690</td></tr>
<tr>
<td title='com.syntel.calculatorTest.TG_testcase1.hello()'><b>hello</b><br>Test class: com.syntel.calculatorTest.TG_testcase1</td>
<td></td>
<td>0</td>
<td>com.syntel.calculatorTest.TG_testcase1@5c0369c4</td></tr>
<tr>
<td title='SomthigntoTEST.hello()'><b>hello</b><br>Test class: SomthigntoTEST</td>
<td></td>
<td>0</td>
<td>SomthigntoTEST@2be94b0f</td></tr>
<tr>
<td title='com.syntel.calculatorTest.TG_testcase.hello2()'><b>hello2</b><br>Test class: com.syntel.calculatorTest.TG_testcase</td>
<td></td>
<td>0</td>
<td>com.syntel.calculatorTest.TG_testcase@50675690</td></tr>
<tr>
<td title='com.syntel.calculatorTest.TG_testcase1.hello2()'><b>hello2</b><br>Test class: com.syntel.calculatorTest.TG_testcase1</td>
<td></td>
<td>0</td>
<td>com.syntel.calculatorTest.TG_testcase1@5c0369c4</td></tr>
<tr>
<td title='com.syntel.calculatorTest.TG_testcase.hello3()'><b>hello3</b><br>Test class: com.syntel.calculatorTest.TG_testcase</td>
<td></td>
<td>0</td>
<td>com.syntel.calculatorTest.TG_testcase@50675690</td></tr>
<tr>
<td title='com.syntel.calculatorTest.TG_testcase1.hello3()'><b>hello3</b><br>Test class: com.syntel.calculatorTest.TG_testcase1</td>
<td></td>
<td>0</td>
<td>com.syntel.calculatorTest.TG_testcase1@5c0369c4</td></tr>
<tr>
<td title='Calculator_testNG.testAddNegatvie()'><b>testAddNegatvie</b><br>Test class: Calculator_testNG</td>
<td></td>
<td>0</td>
<td>Calculator_testNG@d70c109</td></tr>
<tr>
<td title='com.syntel.calculatorTest.Calculator_testNG.testAddNegatvie()'><b>testAddNegatvie</b><br>Test class: com.syntel.calculatorTest.Calculator_testNG</td>
<td></td>
<td>0</td>
<td>com.syntel.calculatorTest.Calculator_testNG@17ed40e0</td></tr>
<tr>
<td title='com.syntel.calculatorTest.Calculator_testNG.testAddPositives()'><b>testAddPositives</b><br>Test class: com.syntel.calculatorTest.Calculator_testNG</td>
<td></td>
<td>0</td>
<td>com.syntel.calculatorTest.Calculator_testNG@17ed40e0</td></tr>
<tr>
<td title='com.syntel.calculatorTest.Calculator_testNG.testSubPositives()'><b>testSubPositives</b><br>Test class: com.syntel.calculatorTest.Calculator_testNG</td>
<td></td>
<td>0</td>
<td>com.syntel.calculatorTest.Calculator_testNG@17ed40e0</td></tr>
</table><p>
<table width='100%' border='1' class='invocation-skipped'>
<tr><td colspan='4' align='center'><b>SKIPPED TESTS</b></td></tr>
<tr><td><b>Test method</b></td>
<td width="30%"><b>Exception</b></td>
<td width="10%"><b>Time (seconds)</b></td>
<td><b>Instance</b></td>
</tr>
<tr>
<td title='com.syntel.calculatorTest.NewCalculator_test.testAdd()'><b>testAdd</b><br>Test class: com.syntel.calculatorTest.NewCalculator_test</td>
<td><div><pre>org.testng.TestNGException: 
Parameter &apos;num1&apos; is required by @Test on method testAdd but has not been marked @Optional or defined
in C:\mytraining_stuff\HtmlStudy\Selenium_testNG\build\test\classes\Calculator_suit.xml
... Removed 21 stack frames</pre></div><a href='#' onClick='toggleBox("stack-trace1810132623", this, "Click to show all stack frames", "Click to hide stack frames")'>Click to show all stack frames</a>
<div class='stack-trace' id='stack-trace1810132623'><pre>org.testng.TestNGException: 
Parameter &apos;num1&apos; is required by @Test on method testAdd but has not been marked @Optional or defined
in C:\mytraining_stuff\HtmlStudy\Selenium_testNG\build\test\classes\Calculator_suit.xml
	at org.testng.internal.Parameters.createParameters(Parameters.java:155)
	at org.testng.internal.Parameters.createParameters(Parameters.java:358)
	at org.testng.internal.Parameters.handleParameters(Parameters.java:450)
	at org.testng.internal.Invoker.handleParameters(Invoker.java:1383)
	at org.testng.internal.Invoker.createParameters(Invoker.java:1075)
	at org.testng.internal.Invoker.invokeTestMethods(Invoker.java:1180)
	at org.testng.internal.TestMethodWorker.invokeTestMethods(TestMethodWorker.java:127)
	at org.testng.internal.TestMethodWorker.run(TestMethodWorker.java:111)
	at org.testng.TestRunner.privateRun(TestRunner.java:767)
	at org.testng.TestRunner.run(TestRunner.java:617)
	at org.testng.SuiteRunner.runTest(SuiteRunner.java:334)
	at org.testng.SuiteRunner.runSequentially(SuiteRunner.java:329)
	at org.testng.SuiteRunner.privateRun(SuiteRunner.java:291)
	at org.testng.SuiteRunner.run(SuiteRunner.java:240)
	at org.testng.SuiteRunnerWorker.runSuite(SuiteRunnerWorker.java:52)
	at org.testng.SuiteRunnerWorker.run(SuiteRunnerWorker.java:86)
	at org.testng.TestNG.runSuitesSequentially(TestNG.java:1224)
	at org.testng.TestNG.runSuitesLocally(TestNG.java:1149)
	at org.testng.TestNG.run(TestNG.java:1057)
	at org.testng.TestNG.privateMain(TestNG.java:1364)
	at org.testng.TestNG.main(TestNG.java:1333)
</pre></div></td>
<td>0</td>
<td>com.syntel.calculatorTest.NewCalculator_test@31b7dea0</td></tr>
<tr>
<td title='com.syntel.calculatorTest.NewCalculator_test.testDivid()'><b>testDivid</b><br>Test class: com.syntel.calculatorTest.NewCalculator_test</td>
<td><div><pre>org.testng.TestNGException: 
Parameter &apos;num1&apos; is required by @Test on method testDivid but has not been marked @Optional or defined
in C:\mytraining_stuff\HtmlStudy\Selenium_testNG\build\test\classes\Calculator_suit.xml
... Removed 21 stack frames</pre></div><a href='#' onClick='toggleBox("stack-trace895947612", this, "Click to show all stack frames", "Click to hide stack frames")'>Click to show all stack frames</a>
<div class='stack-trace' id='stack-trace895947612'><pre>org.testng.TestNGException: 
Parameter &apos;num1&apos; is required by @Test on method testDivid but has not been marked @Optional or defined
in C:\mytraining_stuff\HtmlStudy\Selenium_testNG\build\test\classes\Calculator_suit.xml
	at org.testng.internal.Parameters.createParameters(Parameters.java:155)
	at org.testng.internal.Parameters.createParameters(Parameters.java:358)
	at org.testng.internal.Parameters.handleParameters(Parameters.java:450)
	at org.testng.internal.Invoker.handleParameters(Invoker.java:1383)
	at org.testng.internal.Invoker.createParameters(Invoker.java:1075)
	at org.testng.internal.Invoker.invokeTestMethods(Invoker.java:1180)
	at org.testng.internal.TestMethodWorker.invokeTestMethods(TestMethodWorker.java:127)
	at org.testng.internal.TestMethodWorker.run(TestMethodWorker.java:111)
	at org.testng.TestRunner.privateRun(TestRunner.java:767)
	at org.testng.TestRunner.run(TestRunner.java:617)
	at org.testng.SuiteRunner.runTest(SuiteRunner.java:334)
	at org.testng.SuiteRunner.runSequentially(SuiteRunner.java:329)
	at org.testng.SuiteRunner.privateRun(SuiteRunner.java:291)
	at org.testng.SuiteRunner.run(SuiteRunner.java:240)
	at org.testng.SuiteRunnerWorker.runSuite(SuiteRunnerWorker.java:52)
	at org.testng.SuiteRunnerWorker.run(SuiteRunnerWorker.java:86)
	at org.testng.TestNG.runSuitesSequentially(TestNG.java:1224)
	at org.testng.TestNG.runSuitesLocally(TestNG.java:1149)
	at org.testng.TestNG.run(TestNG.java:1057)
	at org.testng.TestNG.privateMain(TestNG.java:1364)
	at org.testng.TestNG.main(TestNG.java:1333)
</pre></div></td>
<td>0</td>
<td>com.syntel.calculatorTest.NewCalculator_test@31b7dea0</td></tr>
<tr>
<td title='com.syntel.calculatorTest.NewCalculator_test.testMulti()'><b>testMulti</b><br>Test class: com.syntel.calculatorTest.NewCalculator_test</td>
<td><div><pre>org.testng.TestNGException: 
Parameter &apos;num1&apos; is required by @Test on method testMulti but has not been marked @Optional or defined
in C:\mytraining_stuff\HtmlStudy\Selenium_testNG\build\test\classes\Calculator_suit.xml
... Removed 21 stack frames</pre></div><a href='#' onClick='toggleBox("stack-trace846492085", this, "Click to show all stack frames", "Click to hide stack frames")'>Click to show all stack frames</a>
<div class='stack-trace' id='stack-trace846492085'><pre>org.testng.TestNGException: 
Parameter &apos;num1&apos; is required by @Test on method testMulti but has not been marked @Optional or defined
in C:\mytraining_stuff\HtmlStudy\Selenium_testNG\build\test\classes\Calculator_suit.xml
	at org.testng.internal.Parameters.createParameters(Parameters.java:155)
	at org.testng.internal.Parameters.createParameters(Parameters.java:358)
	at org.testng.internal.Parameters.handleParameters(Parameters.java:450)
	at org.testng.internal.Invoker.handleParameters(Invoker.java:1383)
	at org.testng.internal.Invoker.createParameters(Invoker.java:1075)
	at org.testng.internal.Invoker.invokeTestMethods(Invoker.java:1180)
	at org.testng.internal.TestMethodWorker.invokeTestMethods(TestMethodWorker.java:127)
	at org.testng.internal.TestMethodWorker.run(TestMethodWorker.java:111)
	at org.testng.TestRunner.privateRun(TestRunner.java:767)
	at org.testng.TestRunner.run(TestRunner.java:617)
	at org.testng.SuiteRunner.runTest(SuiteRunner.java:334)
	at org.testng.SuiteRunner.runSequentially(SuiteRunner.java:329)
	at org.testng.SuiteRunner.privateRun(SuiteRunner.java:291)
	at org.testng.SuiteRunner.run(SuiteRunner.java:240)
	at org.testng.SuiteRunnerWorker.runSuite(SuiteRunnerWorker.java:52)
	at org.testng.SuiteRunnerWorker.run(SuiteRunnerWorker.java:86)
	at org.testng.TestNG.runSuitesSequentially(TestNG.java:1224)
	at org.testng.TestNG.runSuitesLocally(TestNG.java:1149)
	at org.testng.TestNG.run(TestNG.java:1057)
	at org.testng.TestNG.privateMain(TestNG.java:1364)
	at org.testng.TestNG.main(TestNG.java:1333)
</pre></div></td>
<td>0</td>
<td>com.syntel.calculatorTest.NewCalculator_test@31b7dea0</td></tr>
<tr>
<td title='com.syntel.calculatorTest.NewCalculator_test.testSub()'><b>testSub</b><br>Test class: com.syntel.calculatorTest.NewCalculator_test</td>
<td><div><pre>org.testng.TestNGException: 
Parameter &apos;num1&apos; is required by @Test on method testSub but has not been marked @Optional or defined
in C:\mytraining_stuff\HtmlStudy\Selenium_testNG\build\test\classes\Calculator_suit.xml
... Removed 21 stack frames</pre></div><a href='#' onClick='toggleBox("stack-trace1096283470", this, "Click to show all stack frames", "Click to hide stack frames")'>Click to show all stack frames</a>
<div class='stack-trace' id='stack-trace1096283470'><pre>org.testng.TestNGException: 
Parameter &apos;num1&apos; is required by @Test on method testSub but has not been marked @Optional or defined
in C:\mytraining_stuff\HtmlStudy\Selenium_testNG\build\test\classes\Calculator_suit.xml
	at org.testng.internal.Parameters.createParameters(Parameters.java:155)
	at org.testng.internal.Parameters.createParameters(Parameters.java:358)
	at org.testng.internal.Parameters.handleParameters(Parameters.java:450)
	at org.testng.internal.Invoker.handleParameters(Invoker.java:1383)
	at org.testng.internal.Invoker.createParameters(Invoker.java:1075)
	at org.testng.internal.Invoker.invokeTestMethods(Invoker.java:1180)
	at org.testng.internal.TestMethodWorker.invokeTestMethods(TestMethodWorker.java:127)
	at org.testng.internal.TestMethodWorker.run(TestMethodWorker.java:111)
	at org.testng.TestRunner.privateRun(TestRunner.java:767)
	at org.testng.TestRunner.run(TestRunner.java:617)
	at org.testng.SuiteRunner.runTest(SuiteRunner.java:334)
	at org.testng.SuiteRunner.runSequentially(SuiteRunner.java:329)
	at org.testng.SuiteRunner.privateRun(SuiteRunner.java:291)
	at org.testng.SuiteRunner.run(SuiteRunner.java:240)
	at org.testng.SuiteRunnerWorker.runSuite(SuiteRunnerWorker.java:52)
	at org.testng.SuiteRunnerWorker.run(SuiteRunnerWorker.java:86)
	at org.testng.TestNG.runSuitesSequentially(TestNG.java:1224)
	at org.testng.TestNG.runSuitesLocally(TestNG.java:1149)
	at org.testng.TestNG.run(TestNG.java:1057)
	at org.testng.TestNG.privateMain(TestNG.java:1364)
	at org.testng.TestNG.main(TestNG.java:1333)
</pre></div></td>
<td>0</td>
<td>com.syntel.calculatorTest.NewCalculator_test@31b7dea0</td></tr>
</table><p>
</body>
</html>