<?xml version="1.0" encoding="UTF-8"?>
<!-- Generated by org.testng.reporters.JUnitXMLReporter -->
<testsuite hostname="PHX440G3-28160Q" name="All tests for Selenium_testNG" tests="20" failures="4" timestamp="6 Jun 2019 16:41:39 GMT" time="0.752" errors="0">
  <testcase name="testAddNegatvie" time="0.0" classname="Calculator_testNG"/>
  <testcase name="testAddPositives" time="0.0" classname="Calculator_testNG">
    <failure type="java.lang.NullPointerException">
      <![CDATA[java.lang.NullPointerException
	at Calculator_testNG.testAddPositives(Calculator_testNG.java:19)
... Removed 23 stack frames]]>
    </failure>
  </testcase> <!-- testAddPositives -->
  <testcase name="testSubNegatvie" time="0.0" classname="Calculator_testNG">
    <failure type="java.lang.NullPointerException">
      <![CDATA[java.lang.NullPointerException
	at Calculator_testNG.testSubNegatvie(Calculator_testNG.java:43)
... Removed 23 stack frames]]>
    </failure>
  </testcase> <!-- testSubNegatvie -->
  <testcase name="testSubPositives" time="0.0" classname="Calculator_testNG">
    <failure type="java.lang.NullPointerException">
      <![CDATA[java.lang.NullPointerException
	at Calculator_testNG.testSubPositives(Calculator_testNG.java:35)
... Removed 23 stack frames]]>
    </failure>
  </testcase> <!-- testSubPositives -->
  <testcase name="testAddNegatvie" time="0.0" classname="com.syntel.calculatorTest.Calculator_testNG"/>
  <testcase name="testAddPositives" time="0.0" classname="com.syntel.calculatorTest.Calculator_testNG"/>
  <testcase name="testSubNegatvie" time="0.0" classname="com.syntel.calculatorTest.Calculator_testNG">
    <failure type="java.lang.AssertionError" message="expected [-30] but found [-50]">
      <![CDATA[java.lang.AssertionError: expected [-30] but found [-50]
	at com.syntel.calculatorTest.Calculator_testNG.testSubNegatvie(Calculator_testNG.java:45)
... Removed 28 stack frames]]>
    </failure>
  </testcase> <!-- testSubNegatvie -->
  <testcase name="testSubPositives" time="0.0" classname="com.syntel.calculatorTest.Calculator_testNG"/>
  <testcase name="testAdd" time="0.001" classname="com.syntel.calculatorTest.NewCalculator_test">
    <skipped/>
  </testcase> <!-- testAdd -->
  <testcase name="testDivid" time="0.0" classname="com.syntel.calculatorTest.NewCalculator_test">
    <skipped/>
  </testcase> <!-- testDivid -->
  <testcase name="testMulti" time="0.0" classname="com.syntel.calculatorTest.NewCalculator_test">
    <skipped/>
  </testcase> <!-- testMulti -->
  <testcase name="testSub" time="0.0" classname="com.syntel.calculatorTest.NewCalculator_test">
    <skipped/>
  </testcase> <!-- testSub -->
  <testcase name="hello" time="0.001" classname="com.syntel.calculatorTest.SomthigntoTEST"/>
  <testcase name="hello" time="0.0" classname="com.syntel.calculatorTest.TG_testcase"/>
  <testcase name="hello2" time="0.0" classname="com.syntel.calculatorTest.TG_testcase"/>
  <testcase name="hello3" time="0.0" classname="com.syntel.calculatorTest.TG_testcase"/>
  <testcase name="hello" time="0.0" classname="com.syntel.calculatorTest.TG_testcase1"/>
  <testcase name="hello2" time="0.001" classname="com.syntel.calculatorTest.TG_testcase1"/>
  <testcase name="hello3" time="0.001" classname="com.syntel.calculatorTest.TG_testcase1"/>
  <testcase name="hello" time="0.001" classname="SomthigntoTEST"/>
</testsuite> <!-- All tests for Selenium_testNG -->
