<?xml version="1.0" encoding="UTF-8"?>
<!-- Generated by org.testng.reporters.JUnitReportReporter -->
<testsuite hostname="PHX440G3-28160Q" name="com.syntel.calculatorTest.NewCalculator_test" tests="8" failures="4" timestamp="6 Jun 2019 16:41:39 GMT" time="0.000" errors="0">
  <testcase name="testAdd" time="0.000" classname="com.syntel.calculatorTest.NewCalculator_test"/>
  <testcase name="testDivid" time="0.000" classname="com.syntel.calculatorTest.NewCalculator_test">
    <failure type="org.testng.TestNGException" message="
Parameter &#039;num1&#039; is required by @Test on method testDivid but has not been marked @Optional or defined
in C:\mytraining_stuff\HtmlStudy\Selenium_testNG\build\test\classes\Calculator_suit.xml">
      <![CDATA[org.testng.TestNGException: 
Parameter 'num1' is required by @Test on method testDivid but has not been marked @Optional or defined
in C:\mytraining_stuff\HtmlStudy\Selenium_testNG\build\test\classes\Calculator_suit.xml
	at org.testng.internal.Parameters.createParameters(Parameters.java:155)
	at org.testng.internal.Parameters.createParameters(Parameters.java:358)
	at org.testng.internal.Parameters.handleParameters(Parameters.java:450)
	at org.testng.internal.Invoker.handleParameters(Invoker.java:1383)
	at org.testng.internal.Invoker.createParameters(Invoker.java:1075)
	at org.testng.internal.Invoker.invokeTestMethods(Invoker.java:1180)
	at org.testng.internal.TestMethodWorker.invokeTestMethods(TestMethodWorker.java:127)
	at org.testng.internal.TestMethodWorker.run(TestMethodWorker.java:111)
	at org.testng.TestRunner.privateRun(TestRunner.java:767)
	at org.testng.TestRunner.run(TestRunner.java:617)
	at org.testng.SuiteRunner.runTest(SuiteRunner.java:334)
	at org.testng.SuiteRunner.runSequentially(SuiteRunner.java:329)
	at org.testng.SuiteRunner.privateRun(SuiteRunner.java:291)
	at org.testng.SuiteRunner.run(SuiteRunner.java:240)
	at org.testng.SuiteRunnerWorker.runSuite(SuiteRunnerWorker.java:52)
	at org.testng.SuiteRunnerWorker.run(SuiteRunnerWorker.java:86)
	at org.testng.TestNG.runSuitesSequentially(TestNG.java:1224)
	at org.testng.TestNG.runSuitesLocally(TestNG.java:1149)
	at org.testng.TestNG.run(TestNG.java:1057)
	at org.testng.TestNG.privateMain(TestNG.java:1364)
	at org.testng.TestNG.main(TestNG.java:1333)
]]>
    </failure>
  </testcase> <!-- testDivid -->
  <testcase name="testDivid" time="0.000" classname="com.syntel.calculatorTest.NewCalculator_test"/>
  <testcase name="testSub" time="0.000" classname="com.syntel.calculatorTest.NewCalculator_test"/>
  <testcase name="testAdd" time="0.000" classname="com.syntel.calculatorTest.NewCalculator_test">
    <failure type="org.testng.TestNGException" message="
Parameter &#039;num1&#039; is required by @Test on method testAdd but has not been marked @Optional or defined
in C:\mytraining_stuff\HtmlStudy\Selenium_testNG\build\test\classes\Calculator_suit.xml">
      <![CDATA[org.testng.TestNGException: 
Parameter 'num1' is required by @Test on method testAdd but has not been marked @Optional or defined
in C:\mytraining_stuff\HtmlStudy\Selenium_testNG\build\test\classes\Calculator_suit.xml
	at org.testng.internal.Parameters.createParameters(Parameters.java:155)
	at org.testng.internal.Parameters.createParameters(Parameters.java:358)
	at org.testng.internal.Parameters.handleParameters(Parameters.java:450)
	at org.testng.internal.Invoker.handleParameters(Invoker.java:1383)
	at org.testng.internal.Invoker.createParameters(Invoker.java:1075)
	at org.testng.internal.Invoker.invokeTestMethods(Invoker.java:1180)
	at org.testng.internal.TestMethodWorker.invokeTestMethods(TestMethodWorker.java:127)
	at org.testng.internal.TestMethodWorker.run(TestMethodWorker.java:111)
	at org.testng.TestRunner.privateRun(TestRunner.java:767)
	at org.testng.TestRunner.run(TestRunner.java:617)
	at org.testng.SuiteRunner.runTest(SuiteRunner.java:334)
	at org.testng.SuiteRunner.runSequentially(SuiteRunner.java:329)
	at org.testng.SuiteRunner.privateRun(SuiteRunner.java:291)
	at org.testng.SuiteRunner.run(SuiteRunner.java:240)
	at org.testng.SuiteRunnerWorker.runSuite(SuiteRunnerWorker.java:52)
	at org.testng.SuiteRunnerWorker.run(SuiteRunnerWorker.java:86)
	at org.testng.TestNG.runSuitesSequentially(TestNG.java:1224)
	at org.testng.TestNG.runSuitesLocally(TestNG.java:1149)
	at org.testng.TestNG.run(TestNG.java:1057)
	at org.testng.TestNG.privateMain(TestNG.java:1364)
	at org.testng.TestNG.main(TestNG.java:1333)
]]>
    </failure>
  </testcase> <!-- testAdd -->
  <testcase name="testSub" time="0.000" classname="com.syntel.calculatorTest.NewCalculator_test">
    <failure type="org.testng.TestNGException" message="
Parameter &#039;num1&#039; is required by @Test on method testSub but has not been marked @Optional or defined
in C:\mytraining_stuff\HtmlStudy\Selenium_testNG\build\test\classes\Calculator_suit.xml">
      <![CDATA[org.testng.TestNGException: 
Parameter 'num1' is required by @Test on method testSub but has not been marked @Optional or defined
in C:\mytraining_stuff\HtmlStudy\Selenium_testNG\build\test\classes\Calculator_suit.xml
	at org.testng.internal.Parameters.createParameters(Parameters.java:155)
	at org.testng.internal.Parameters.createParameters(Parameters.java:358)
	at org.testng.internal.Parameters.handleParameters(Parameters.java:450)
	at org.testng.internal.Invoker.handleParameters(Invoker.java:1383)
	at org.testng.internal.Invoker.createParameters(Invoker.java:1075)
	at org.testng.internal.Invoker.invokeTestMethods(Invoker.java:1180)
	at org.testng.internal.TestMethodWorker.invokeTestMethods(TestMethodWorker.java:127)
	at org.testng.internal.TestMethodWorker.run(TestMethodWorker.java:111)
	at org.testng.TestRunner.privateRun(TestRunner.java:767)
	at org.testng.TestRunner.run(TestRunner.java:617)
	at org.testng.SuiteRunner.runTest(SuiteRunner.java:334)
	at org.testng.SuiteRunner.runSequentially(SuiteRunner.java:329)
	at org.testng.SuiteRunner.privateRun(SuiteRunner.java:291)
	at org.testng.SuiteRunner.run(SuiteRunner.java:240)
	at org.testng.SuiteRunnerWorker.runSuite(SuiteRunnerWorker.java:52)
	at org.testng.SuiteRunnerWorker.run(SuiteRunnerWorker.java:86)
	at org.testng.TestNG.runSuitesSequentially(TestNG.java:1224)
	at org.testng.TestNG.runSuitesLocally(TestNG.java:1149)
	at org.testng.TestNG.run(TestNG.java:1057)
	at org.testng.TestNG.privateMain(TestNG.java:1364)
	at org.testng.TestNG.main(TestNG.java:1333)
]]>
    </failure>
  </testcase> <!-- testSub -->
  <testcase name="testMulti" time="0.000" classname="com.syntel.calculatorTest.NewCalculator_test">
    <failure type="org.testng.TestNGException" message="
Parameter &#039;num1&#039; is required by @Test on method testMulti but has not been marked @Optional or defined
in C:\mytraining_stuff\HtmlStudy\Selenium_testNG\build\test\classes\Calculator_suit.xml">
      <![CDATA[org.testng.TestNGException: 
Parameter 'num1' is required by @Test on method testMulti but has not been marked @Optional or defined
in C:\mytraining_stuff\HtmlStudy\Selenium_testNG\build\test\classes\Calculator_suit.xml
	at org.testng.internal.Parameters.createParameters(Parameters.java:155)
	at org.testng.internal.Parameters.createParameters(Parameters.java:358)
	at org.testng.internal.Parameters.handleParameters(Parameters.java:450)
	at org.testng.internal.Invoker.handleParameters(Invoker.java:1383)
	at org.testng.internal.Invoker.createParameters(Invoker.java:1075)
	at org.testng.internal.Invoker.invokeTestMethods(Invoker.java:1180)
	at org.testng.internal.TestMethodWorker.invokeTestMethods(TestMethodWorker.java:127)
	at org.testng.internal.TestMethodWorker.run(TestMethodWorker.java:111)
	at org.testng.TestRunner.privateRun(TestRunner.java:767)
	at org.testng.TestRunner.run(TestRunner.java:617)
	at org.testng.SuiteRunner.runTest(SuiteRunner.java:334)
	at org.testng.SuiteRunner.runSequentially(SuiteRunner.java:329)
	at org.testng.SuiteRunner.privateRun(SuiteRunner.java:291)
	at org.testng.SuiteRunner.run(SuiteRunner.java:240)
	at org.testng.SuiteRunnerWorker.runSuite(SuiteRunnerWorker.java:52)
	at org.testng.SuiteRunnerWorker.run(SuiteRunnerWorker.java:86)
	at org.testng.TestNG.runSuitesSequentially(TestNG.java:1224)
	at org.testng.TestNG.runSuitesLocally(TestNG.java:1149)
	at org.testng.TestNG.run(TestNG.java:1057)
	at org.testng.TestNG.privateMain(TestNG.java:1364)
	at org.testng.TestNG.main(TestNG.java:1333)
]]>
    </failure>
  </testcase> <!-- testMulti -->
  <testcase name="testMulti" time="0.000" classname="com.syntel.calculatorTest.NewCalculator_test"/>
</testsuite> <!-- com.syntel.calculatorTest.NewCalculator_test -->
